<?xml version="1.0" encoding="UTF-8"?>
<testsuite xmlns:xsi="http://www.w3.org/2001/XMLSchema-instance" xsi:noNamespaceSchemaLocation="https://maven.apache.org/surefire/maven-surefire-plugin/xsd/surefire-test-report-3.0.xsd" version="3.0" name="gov.nist.isg.mist.java.TestJavaComputeFFT" time="0.0" tests="0" errors="0" skipped="0" failures="0">
  <properties>
    <property name="java.specification.version" value="23"/>
    <property name="sun.cpu.isalist" value="amd64"/>
    <property name="sun.jnu.encoding" value="Cp1252"/>
    <property name="java.class.path" value="C:\Users\Jagadeesh Gajula\Documents\GreySlide Project\MIST-Image-stitching\target\test-classes;C:\Users\Jagadeesh Gajula\Documents\GreySlide Project\MIST-Image-stitching\target\classes;C:\Users\Jagadeesh Gajula\.m2\repository\net\imagej\ij\1.51d\ij-1.51d.jar;C:\Users\Jagadeesh Gajula\.m2\repository\com\nativelibs4java\bridj\0.6.2\bridj-0.6.2.jar;C:\Users\Jagadeesh Gajula\.m2\repository\com\google\android\tools\dx\1.7\dx-1.7.jar;C:\Users\Jagadeesh Gajula\.m2\repository\org\jcuda\jcuda\0.9.0d\jcuda-0.9.0d.jar;C:\Users\Jagadeesh Gajula\.m2\repository\org\jcuda\jcuda-natives\0.9.0d\jcuda-natives-0.9.0d-windows-x86_64.jar;C:\Users\Jagadeesh Gajula\.m2\repository\org\jcuda\jcufft\0.9.0d\jcufft-0.9.0d.jar;C:\Users\Jagadeesh Gajula\.m2\repository\org\jcuda\jcufft-natives\0.9.0d\jcufft-natives-0.9.0d-windows-x86_64.jar;C:\Users\Jagadeesh Gajula\.m2\repository\edu\mines\mines-jtk\20100113\mines-jtk-20100113.jar;C:\Users\Jagadeesh Gajula\.m2\repository\ome\formats-bsd\6.6.1\formats-bsd-6.6.1.jar;C:\Users\Jagadeesh Gajula\.m2\repository\org\openmicroscopy\ome-common\6.0.6\ome-common-6.0.6.jar;C:\Users\Jagadeesh Gajula\.m2\repository\io\minio\minio\5.0.2\minio-5.0.2.jar;C:\Users\Jagadeesh Gajula\.m2\repository\com\google\http-client\google-http-client-xml\1.20.0\google-http-client-xml-1.20.0.jar;C:\Users\Jagadeesh Gajula\.m2\repository\com\google\http-client\google-http-client\1.20.0\google-http-client-1.20.0.jar;C:\Users\Jagadeesh Gajula\.m2\repository\xpp3\xpp3\1.1.4c\xpp3-1.1.4c.jar;C:\Users\Jagadeesh Gajula\.m2\repository\com\squareup\okhttp3\okhttp\3.7.0\okhttp-3.7.0.jar;C:\Users\Jagadeesh Gajula\.m2\repository\com\squareup\okio\okio\1.12.0\okio-1.12.0.jar;C:\Users\Jagadeesh Gajula\.m2\repository\com\fasterxml\jackson\core\jackson-annotations\2.9.6\jackson-annotations-2.9.6.jar;C:\Users\Jagadeesh Gajula\.m2\repository\com\fasterxml\jackson\core\jackson-core\2.9.6\jackson-core-2.9.6.jar;C:\Users\Jagadeesh Gajula\.m2\repository\com\fasterxml\jackson\core\jackson-databind\2.9.6\jackson-databind-2.9.6.jar;C:\Users\Jagadeesh Gajula\.m2\repository\joda-time\joda-time\2.2\joda-time-2.2.jar;C:\Users\Jagadeesh Gajula\.m2\repository\com\google\guava\guava\27.1-jre\guava-27.1-jre.jar;C:\Users\Jagadeesh Gajula\.m2\repository\com\google\guava\failureaccess\1.0.1\failureaccess-1.0.1.jar;C:\Users\Jagadeesh Gajula\.m2\repository\com\google\guava\listenablefuture\9999.0-empty-to-avoid-conflict-with-guava\listenablefuture-9999.0-empty-to-avoid-conflict-with-guava.jar;C:\Users\Jagadeesh Gajula\.m2\repository\com\google\code\findbugs\jsr305\3.0.2\jsr305-3.0.2.jar;C:\Users\Jagadeesh Gajula\.m2\repository\org\checkerframework\checker-qual\2.5.2\checker-qual-2.5.2.jar;C:\Users\Jagadeesh Gajula\.m2\repository\com\google\errorprone\error_prone_annotations\2.2.0\error_prone_annotations-2.2.0.jar;C:\Users\Jagadeesh Gajula\.m2\repository\com\google\j2objc\j2objc-annotations\1.1\j2objc-annotations-1.1.jar;C:\Users\Jagadeesh Gajula\.m2\repository\org\codehaus\mojo\animal-sniffer-annotations\1.17\animal-sniffer-annotations-1.17.jar;C:\Users\Jagadeesh Gajula\.m2\repository\org\openmicroscopy\ome-xml\6.2.2\ome-xml-6.2.2.jar;C:\Users\Jagadeesh Gajula\.m2\repository\org\openmicroscopy\specification\6.2.2\specification-6.2.2.jar;C:\Users\Jagadeesh Gajula\.m2\repository\ome\formats-api\6.6.1\formats-api-6.6.1.jar;C:\Users\Jagadeesh Gajula\.m2\repository\org\openmicroscopy\ome-codecs\0.3.0\ome-codecs-0.3.0.jar;C:\Users\Jagadeesh Gajula\.m2\repository\org\openmicroscopy\ome-jai\0.1.0\ome-jai-0.1.0.jar;C:\Users\Jagadeesh Gajula\.m2\repository\ome\turbojpeg\6.6.1\turbojpeg-6.6.1.jar;C:\Users\Jagadeesh Gajula\.m2\repository\org\scijava\native-lib-loader\2.1.4\native-lib-loader-2.1.4.jar;C:\Users\Jagadeesh Gajula\.m2\repository\com\jgoodies\jgoodies-forms\1.7.2\jgoodies-forms-1.7.2.jar;C:\Users\Jagadeesh Gajula\.m2\repository\com\jgoodies\jgoodies-common\1.7.0\jgoodies-common-1.7.0.jar;C:\Users\Jagadeesh Gajula\.m2\repository\com\esotericsoftware\kryo\4.0.2\kryo-4.0.2.jar;C:\Users\Jagadeesh Gajula\.m2\repository\com\esotericsoftware\reflectasm\1.11.3\reflectasm-1.11.3.jar;C:\Users\Jagadeesh Gajula\.m2\repository\org\ow2\asm\asm\5.0.4\asm-5.0.4.jar;C:\Users\Jagadeesh Gajula\.m2\repository\com\esotericsoftware\minlog\1.3.0\minlog-1.3.0.jar;C:\Users\Jagadeesh Gajula\.m2\repository\org\objenesis\objenesis\2.5.1\objenesis-2.5.1.jar;C:\Users\Jagadeesh Gajula\.m2\repository\org\perf4j\perf4j\0.9.16\perf4j-0.9.16.jar;C:\Users\Jagadeesh Gajula\.m2\repository\org\slf4j\slf4j-api\1.7.6\slf4j-api-1.7.6.jar;C:\Users\Jagadeesh Gajula\.m2\repository\com\drewnoakes\metadata-extractor\2.11.0\metadata-extractor-2.11.0.jar;C:\Users\Jagadeesh Gajula\.m2\repository\com\adobe\xmp\xmpcore\5.1.3\xmpcore-5.1.3.jar;C:\Users\Jagadeesh Gajula\.m2\repository\ome\jxrlib-all\0.2.4\jxrlib-all-0.2.4.jar;C:\Users\Jagadeesh Gajula\.m2\repository\xerces\xercesImpl\2.8.1\xercesImpl-2.8.1.jar;C:\Users\Jagadeesh Gajula\.m2\repository\xml-apis\xml-apis\1.3.03\xml-apis-1.3.03.jar;C:\Users\Jagadeesh Gajula\.m2\repository\xalan\serializer\2.7.2\serializer-2.7.2.jar;C:\Users\Jagadeesh Gajula\.m2\repository\xalan\xalan\2.7.2\xalan-2.7.2.jar;C:\Users\Jagadeesh Gajula\.m2\repository\ome\bio-formats_plugins\6.6.1\bio-formats_plugins-6.6.1.jar;C:\Users\Jagadeesh Gajula\.m2\repository\ome\formats-gpl\6.6.1\formats-gpl-6.6.1.jar;C:\Users\Jagadeesh Gajula\.m2\repository\org\openmicroscopy\ome-mdbtools\5.3.2\ome-mdbtools-5.3.2.jar;C:\Users\Jagadeesh Gajula\.m2\repository\org\openmicroscopy\metakit\5.3.2\metakit-5.3.2.jar;C:\Users\Jagadeesh Gajula\.m2\repository\org\openmicroscopy\ome-poi\5.3.3\ome-poi-5.3.3.jar;C:\Users\Jagadeesh Gajula\.m2\repository\commons-logging\commons-logging\1.1.1\commons-logging-1.1.1.jar;C:\Users\Jagadeesh Gajula\.m2\repository\edu\ucar\cdm\4.6.13\cdm-4.6.13.jar;C:\Users\Jagadeesh Gajula\.m2\repository\edu\ucar\httpservices\4.6.13\httpservices-4.6.13.jar;C:\Users\Jagadeesh Gajula\.m2\repository\org\apache\httpcomponents\httpclient\4.5.1\httpclient-4.5.1.jar;C:\Users\Jagadeesh Gajula\.m2\repository\commons-codec\commons-codec\1.9\commons-codec-1.9.jar;C:\Users\Jagadeesh Gajula\.m2\repository\org\apache\httpcomponents\httpmime\4.5.1\httpmime-4.5.1.jar;C:\Users\Jagadeesh Gajula\.m2\repository\com\mchange\c3p0\0.9.5.3\c3p0-0.9.5.3.jar;C:\Users\Jagadeesh Gajula\.m2\repository\com\mchange\mchange-commons-java\0.2.15\mchange-commons-java-0.2.15.jar;C:\Users\Jagadeesh Gajula\.m2\repository\woolz\JWlz\1.4.0\JWlz-1.4.0.jar;C:\Users\Jagadeesh Gajula\.m2\repository\cisd\jhdf5\14.12.6\jhdf5-14.12.6.jar;C:\Users\Jagadeesh Gajula\.m2\repository\commons-lang\commons-lang\2.4\commons-lang-2.4.jar;C:\Users\Jagadeesh Gajula\.m2\repository\commons-io\commons-io\1.4\commons-io-1.4.jar;C:\Users\Jagadeesh Gajula\.m2\repository\org\json\json\20090211\json-20090211.jar;C:\Users\Jagadeesh Gajula\.m2\repository\org\xerial\sqlite-jdbc\3.28.0\sqlite-jdbc-3.28.0.jar;C:\Users\Jagadeesh Gajula\.m2\repository\ch\qos\logback\logback-core\1.1.1\logback-core-1.1.1.jar;C:\Users\Jagadeesh Gajula\.m2\repository\ch\qos\logback\logback-classic\1.1.1\logback-classic-1.1.1.jar;C:\Users\Jagadeesh Gajula\.m2\repository\commons-cli\commons-cli\1.4\commons-cli-1.4.jar;C:\Users\Jagadeesh Gajula\.m2\repository\io\scif\scifio\0.24.0\scifio-0.24.0.jar;C:\Users\Jagadeesh Gajula\.m2\repository\io\scif\scifio-jai-imageio\1.1.0\scifio-jai-imageio-1.1.0.jar;C:\Users\Jagadeesh Gajula\.m2\repository\net\imagej\imagej-common\0.15.0\imagej-common-0.15.0.jar;C:\Users\Jagadeesh Gajula\.m2\repository\net\imglib2\imglib2-roi\0.3.0\imglib2-roi-0.3.0.jar;C:\Users\Jagadeesh Gajula\.m2\repository\net\sf\trove4j\trove4j\3.0.3\trove4j-3.0.3.jar;C:\Users\Jagadeesh Gajula\.m2\repository\edu\ucar\udunits\4.3.18\udunits-4.3.18.jar;C:\Users\Jagadeesh Gajula\.m2\repository\net\imglib2\imglib2\2.2.1\imglib2-2.2.1.jar;C:\Users\Jagadeesh Gajula\.m2\repository\org\scijava\scijava-common\2.42.0\scijava-common-2.42.0.jar;C:\Users\Jagadeesh Gajula\.m2\repository\com\googlecode\gentyref\gentyref\1.1.0\gentyref-1.1.0.jar;C:\Users\Jagadeesh Gajula\.m2\repository\org\bushe\eventbus\1.4\eventbus-1.4.jar;C:\Users\Jagadeesh Gajula\.m2\repository\org\mapdb\mapdb\1.0.3\mapdb-1.0.3.jar;"/>
    <property name="java.vm.vendor" value="Oracle Corporation"/>
    <property name="sun.arch.data.model" value="64"/>
    <property name="user.variant" value=""/>
    <property name="java.vendor.url" value="https://java.oracle.com/"/>
    <property name="user.timezone" value="Asia/Calcutta"/>
    <property name="os.name" value="Windows 11"/>
    <property name="java.vm.specification.version" value="23"/>
    <property name="sun.java.launcher" value="SUN_STANDARD"/>
    <property name="user.country" value="IN"/>
    <property name="sun.boot.library.path" value="C:\Users\Jagadeesh Gajula\.jdks\openjdk-23\bin"/>
    <property name="sun.java.command" value="C:\Users\Jagadeesh Gajula\AppData\Local\Temp\surefire10452156722954629520\surefirebooter-20241004133837474_3.jar C:\Users\Jagadeesh Gajula\AppData\Local\Temp\surefire10452156722954629520 2024-10-04T13-38-36_211-jvmRun1 surefire-20241004133837474_1tmp surefire_0-20241004133837474_2tmp"/>
    <property name="jdk.debug" value="release"/>
    <property name="surefire.test.class.path" value="C:\Users\Jagadeesh Gajula\Documents\GreySlide Project\MIST-Image-stitching\target\test-classes;C:\Users\Jagadeesh Gajula\Documents\GreySlide Project\MIST-Image-stitching\target\classes;C:\Users\Jagadeesh Gajula\.m2\repository\net\imagej\ij\1.51d\ij-1.51d.jar;C:\Users\Jagadeesh Gajula\.m2\repository\com\nativelibs4java\bridj\0.6.2\bridj-0.6.2.jar;C:\Users\Jagadeesh Gajula\.m2\repository\com\google\android\tools\dx\1.7\dx-1.7.jar;C:\Users\Jagadeesh Gajula\.m2\repository\org\jcuda\jcuda\0.9.0d\jcuda-0.9.0d.jar;C:\Users\Jagadeesh Gajula\.m2\repository\org\jcuda\jcuda-natives\0.9.0d\jcuda-natives-0.9.0d-windows-x86_64.jar;C:\Users\Jagadeesh Gajula\.m2\repository\org\jcuda\jcufft\0.9.0d\jcufft-0.9.0d.jar;C:\Users\Jagadeesh Gajula\.m2\repository\org\jcuda\jcufft-natives\0.9.0d\jcufft-natives-0.9.0d-windows-x86_64.jar;C:\Users\Jagadeesh Gajula\.m2\repository\edu\mines\mines-jtk\20100113\mines-jtk-20100113.jar;C:\Users\Jagadeesh Gajula\.m2\repository\ome\formats-bsd\6.6.1\formats-bsd-6.6.1.jar;C:\Users\Jagadeesh Gajula\.m2\repository\org\openmicroscopy\ome-common\6.0.6\ome-common-6.0.6.jar;C:\Users\Jagadeesh Gajula\.m2\repository\io\minio\minio\5.0.2\minio-5.0.2.jar;C:\Users\Jagadeesh Gajula\.m2\repository\com\google\http-client\google-http-client-xml\1.20.0\google-http-client-xml-1.20.0.jar;C:\Users\Jagadeesh Gajula\.m2\repository\com\google\http-client\google-http-client\1.20.0\google-http-client-1.20.0.jar;C:\Users\Jagadeesh Gajula\.m2\repository\xpp3\xpp3\1.1.4c\xpp3-1.1.4c.jar;C:\Users\Jagadeesh Gajula\.m2\repository\com\squareup\okhttp3\okhttp\3.7.0\okhttp-3.7.0.jar;C:\Users\Jagadeesh Gajula\.m2\repository\com\squareup\okio\okio\1.12.0\okio-1.12.0.jar;C:\Users\Jagadeesh Gajula\.m2\repository\com\fasterxml\jackson\core\jackson-annotations\2.9.6\jackson-annotations-2.9.6.jar;C:\Users\Jagadeesh Gajula\.m2\repository\com\fasterxml\jackson\core\jackson-core\2.9.6\jackson-core-2.9.6.jar;C:\Users\Jagadeesh Gajula\.m2\repository\com\fasterxml\jackson\core\jackson-databind\2.9.6\jackson-databind-2.9.6.jar;C:\Users\Jagadeesh Gajula\.m2\repository\joda-time\joda-time\2.2\joda-time-2.2.jar;C:\Users\Jagadeesh Gajula\.m2\repository\com\google\guava\guava\27.1-jre\guava-27.1-jre.jar;C:\Users\Jagadeesh Gajula\.m2\repository\com\google\guava\failureaccess\1.0.1\failureaccess-1.0.1.jar;C:\Users\Jagadeesh Gajula\.m2\repository\com\google\guava\listenablefuture\9999.0-empty-to-avoid-conflict-with-guava\listenablefuture-9999.0-empty-to-avoid-conflict-with-guava.jar;C:\Users\Jagadeesh Gajula\.m2\repository\com\google\code\findbugs\jsr305\3.0.2\jsr305-3.0.2.jar;C:\Users\Jagadeesh Gajula\.m2\repository\org\checkerframework\checker-qual\2.5.2\checker-qual-2.5.2.jar;C:\Users\Jagadeesh Gajula\.m2\repository\com\google\errorprone\error_prone_annotations\2.2.0\error_prone_annotations-2.2.0.jar;C:\Users\Jagadeesh Gajula\.m2\repository\com\google\j2objc\j2objc-annotations\1.1\j2objc-annotations-1.1.jar;C:\Users\Jagadeesh Gajula\.m2\repository\org\codehaus\mojo\animal-sniffer-annotations\1.17\animal-sniffer-annotations-1.17.jar;C:\Users\Jagadeesh Gajula\.m2\repository\org\openmicroscopy\ome-xml\6.2.2\ome-xml-6.2.2.jar;C:\Users\Jagadeesh Gajula\.m2\repository\org\openmicroscopy\specification\6.2.2\specification-6.2.2.jar;C:\Users\Jagadeesh Gajula\.m2\repository\ome\formats-api\6.6.1\formats-api-6.6.1.jar;C:\Users\Jagadeesh Gajula\.m2\repository\org\openmicroscopy\ome-codecs\0.3.0\ome-codecs-0.3.0.jar;C:\Users\Jagadeesh Gajula\.m2\repository\org\openmicroscopy\ome-jai\0.1.0\ome-jai-0.1.0.jar;C:\Users\Jagadeesh Gajula\.m2\repository\ome\turbojpeg\6.6.1\turbojpeg-6.6.1.jar;C:\Users\Jagadeesh Gajula\.m2\repository\org\scijava\native-lib-loader\2.1.4\native-lib-loader-2.1.4.jar;C:\Users\Jagadeesh Gajula\.m2\repository\com\jgoodies\jgoodies-forms\1.7.2\jgoodies-forms-1.7.2.jar;C:\Users\Jagadeesh Gajula\.m2\repository\com\jgoodies\jgoodies-common\1.7.0\jgoodies-common-1.7.0.jar;C:\Users\Jagadeesh Gajula\.m2\repository\com\esotericsoftware\kryo\4.0.2\kryo-4.0.2.jar;C:\Users\Jagadeesh Gajula\.m2\repository\com\esotericsoftware\reflectasm\1.11.3\reflectasm-1.11.3.jar;C:\Users\Jagadeesh Gajula\.m2\repository\org\ow2\asm\asm\5.0.4\asm-5.0.4.jar;C:\Users\Jagadeesh Gajula\.m2\repository\com\esotericsoftware\minlog\1.3.0\minlog-1.3.0.jar;C:\Users\Jagadeesh Gajula\.m2\repository\org\objenesis\objenesis\2.5.1\objenesis-2.5.1.jar;C:\Users\Jagadeesh Gajula\.m2\repository\org\perf4j\perf4j\0.9.16\perf4j-0.9.16.jar;C:\Users\Jagadeesh Gajula\.m2\repository\org\slf4j\slf4j-api\1.7.6\slf4j-api-1.7.6.jar;C:\Users\Jagadeesh Gajula\.m2\repository\com\drewnoakes\metadata-extractor\2.11.0\metadata-extractor-2.11.0.jar;C:\Users\Jagadeesh Gajula\.m2\repository\com\adobe\xmp\xmpcore\5.1.3\xmpcore-5.1.3.jar;C:\Users\Jagadeesh Gajula\.m2\repository\ome\jxrlib-all\0.2.4\jxrlib-all-0.2.4.jar;C:\Users\Jagadeesh Gajula\.m2\repository\xerces\xercesImpl\2.8.1\xercesImpl-2.8.1.jar;C:\Users\Jagadeesh Gajula\.m2\repository\xml-apis\xml-apis\1.3.03\xml-apis-1.3.03.jar;C:\Users\Jagadeesh Gajula\.m2\repository\xalan\serializer\2.7.2\serializer-2.7.2.jar;C:\Users\Jagadeesh Gajula\.m2\repository\xalan\xalan\2.7.2\xalan-2.7.2.jar;C:\Users\Jagadeesh Gajula\.m2\repository\ome\bio-formats_plugins\6.6.1\bio-formats_plugins-6.6.1.jar;C:\Users\Jagadeesh Gajula\.m2\repository\ome\formats-gpl\6.6.1\formats-gpl-6.6.1.jar;C:\Users\Jagadeesh Gajula\.m2\repository\org\openmicroscopy\ome-mdbtools\5.3.2\ome-mdbtools-5.3.2.jar;C:\Users\Jagadeesh Gajula\.m2\repository\org\openmicroscopy\metakit\5.3.2\metakit-5.3.2.jar;C:\Users\Jagadeesh Gajula\.m2\repository\org\openmicroscopy\ome-poi\5.3.3\ome-poi-5.3.3.jar;C:\Users\Jagadeesh Gajula\.m2\repository\commons-logging\commons-logging\1.1.1\commons-logging-1.1.1.jar;C:\Users\Jagadeesh Gajula\.m2\repository\edu\ucar\cdm\4.6.13\cdm-4.6.13.jar;C:\Users\Jagadeesh Gajula\.m2\repository\edu\ucar\httpservices\4.6.13\httpservices-4.6.13.jar;C:\Users\Jagadeesh Gajula\.m2\repository\org\apache\httpcomponents\httpclient\4.5.1\httpclient-4.5.1.jar;C:\Users\Jagadeesh Gajula\.m2\repository\commons-codec\commons-codec\1.9\commons-codec-1.9.jar;C:\Users\Jagadeesh Gajula\.m2\repository\org\apache\httpcomponents\httpmime\4.5.1\httpmime-4.5.1.jar;C:\Users\Jagadeesh Gajula\.m2\repository\com\mchange\c3p0\0.9.5.3\c3p0-0.9.5.3.jar;C:\Users\Jagadeesh Gajula\.m2\repository\com\mchange\mchange-commons-java\0.2.15\mchange-commons-java-0.2.15.jar;C:\Users\Jagadeesh Gajula\.m2\repository\woolz\JWlz\1.4.0\JWlz-1.4.0.jar;C:\Users\Jagadeesh Gajula\.m2\repository\cisd\jhdf5\14.12.6\jhdf5-14.12.6.jar;C:\Users\Jagadeesh Gajula\.m2\repository\commons-lang\commons-lang\2.4\commons-lang-2.4.jar;C:\Users\Jagadeesh Gajula\.m2\repository\commons-io\commons-io\1.4\commons-io-1.4.jar;C:\Users\Jagadeesh Gajula\.m2\repository\org\json\json\20090211\json-20090211.jar;C:\Users\Jagadeesh Gajula\.m2\repository\org\xerial\sqlite-jdbc\3.28.0\sqlite-jdbc-3.28.0.jar;C:\Users\Jagadeesh Gajula\.m2\repository\ch\qos\logback\logback-core\1.1.1\logback-core-1.1.1.jar;C:\Users\Jagadeesh Gajula\.m2\repository\ch\qos\logback\logback-classic\1.1.1\logback-classic-1.1.1.jar;C:\Users\Jagadeesh Gajula\.m2\repository\commons-cli\commons-cli\1.4\commons-cli-1.4.jar;C:\Users\Jagadeesh Gajula\.m2\repository\io\scif\scifio\0.24.0\scifio-0.24.0.jar;C:\Users\Jagadeesh Gajula\.m2\repository\io\scif\scifio-jai-imageio\1.1.0\scifio-jai-imageio-1.1.0.jar;C:\Users\Jagadeesh Gajula\.m2\repository\net\imagej\imagej-common\0.15.0\imagej-common-0.15.0.jar;C:\Users\Jagadeesh Gajula\.m2\repository\net\imglib2\imglib2-roi\0.3.0\imglib2-roi-0.3.0.jar;C:\Users\Jagadeesh Gajula\.m2\repository\net\sf\trove4j\trove4j\3.0.3\trove4j-3.0.3.jar;C:\Users\Jagadeesh Gajula\.m2\repository\edu\ucar\udunits\4.3.18\udunits-4.3.18.jar;C:\Users\Jagadeesh Gajula\.m2\repository\net\imglib2\imglib2\2.2.1\imglib2-2.2.1.jar;C:\Users\Jagadeesh Gajula\.m2\repository\org\scijava\scijava-common\2.42.0\scijava-common-2.42.0.jar;C:\Users\Jagadeesh Gajula\.m2\repository\com\googlecode\gentyref\gentyref\1.1.0\gentyref-1.1.0.jar;C:\Users\Jagadeesh Gajula\.m2\repository\org\bushe\eventbus\1.4\eventbus-1.4.jar;C:\Users\Jagadeesh Gajula\.m2\repository\org\mapdb\mapdb\1.0.3\mapdb-1.0.3.jar;"/>
    <property name="sun.cpu.endian" value="little"/>
    <property name="user.home" value="C:\Users\Jagadeesh Gajula"/>
    <property name="user.language" value="en"/>
    <property name="java.specification.vendor" value="Oracle Corporation"/>
    <property name="java.version.date" value="2024-09-17"/>
    <property name="java.home" value="C:\Users\Jagadeesh Gajula\.jdks\openjdk-23"/>
    <property name="file.separator" value="\"/>
    <property name="basedir" value="C:\Users\Jagadeesh Gajula\Documents\GreySlide Project\MIST-Image-stitching"/>
    <property name="java.vm.compressedOopsMode" value="Zero based"/>
    <property name="line.separator" value="&#10;"/>
    <property name="java.vm.specification.vendor" value="Oracle Corporation"/>
    <property name="java.specification.name" value="Java Platform API Specification"/>
    <property name="surefire.real.class.path" value="C:\Users\Jagadeesh Gajula\AppData\Local\Temp\surefire10452156722954629520\surefirebooter-20241004133837474_3.jar"/>
    <property name="user.script" value=""/>
    <property name="sun.management.compiler" value="HotSpot 64-Bit Tiered Compilers"/>
    <property name="java.runtime.version" value="23+37-2369"/>
    <property name="user.name" value="Jagadeesh Gajula"/>
    <property name="stdout.encoding" value="Cp1252"/>
    <property name="path.separator" value=";"/>
    <property name="os.version" value="10.0"/>
    <property name="java.runtime.name" value="OpenJDK Runtime Environment"/>
    <property name="file.encoding" value="UTF-8"/>
    <property name="java.vm.name" value="OpenJDK 64-Bit Server VM"/>
    <property name="localRepository" value="C:\Users\Jagadeesh Gajula\.m2\repository"/>
    <property name="java.vendor.url.bug" value="https://bugreport.java.com/bugreport/"/>
    <property name="java.io.tmpdir" value="C:\Users\JAGADE~1\AppData\Local\Temp\"/>
    <property name="idea.version" value="2024.2.3"/>
    <property name="java.version" value="23"/>
    <property name="user.dir" value="C:\Users\Jagadeesh Gajula\Documents\GreySlide Project\MIST-Image-stitching"/>
    <property name="os.arch" value="amd64"/>
    <property name="java.vm.specification.name" value="Java Virtual Machine Specification"/>
    <property name="sun.os.patch.level" value=""/>
    <property name="native.encoding" value="Cp1252"/>
    <property name="java.library.path" value="C:\Users\Jagadeesh Gajula\.jdks\openjdk-23\bin;C:\Windows\Sun\Java\bin;C:\Windows\system32;C:\Windows;C:\Program Files\OpenLogic\jdk-8.0.402.06-hotspot\bin;C:\Windows\system32;C:\Windows;C:\Windows\System32\Wbem;C:\Windows\System32\WindowsPowerShell\v1.0\;C:\Windows\System32\OpenSSH\;C:\Program Files\PuTTY\;C:\Program Files\Microsoft VS Code\bin;C:\Program Files (x86)\Aperio\Common;C:\conda\condabin;C:\conda;C:\Program Files\Git\cmd;C:\Program Files\Docker\Docker\resources\bin;C:\Program Files\openslide\bin;C:\Users\Jagadeesh Gajula\AppData\Local\Microsoft\WindowsApps;C:\conda;C:\conda\condabin;C:\Program Files\openslide\bin;;C:\Program Files\JetBrains\IntelliJ IDEA 2024.2.3\bin;;."/>
    <property name="java.vm.info" value="mixed mode, sharing"/>
    <property name="stderr.encoding" value="Cp1252"/>
    <property name="java.vendor" value="Oracle Corporation"/>
    <property name="java.vm.version" value="23+37-2369"/>
    <property name="sun.io.unicode.encoding" value="UnicodeLittle"/>
    <property name="java.class.version" value="67.0"/>
  </properties>
</testsuite>